2023-05-29 11:48:25.765 [restartedMain] INFO 
					com.example.list.ListApplication.logStarting(51) - Starting ListApplication using Java 17.0.5 with PID 27950 (/home/fasoftwares/eclipse-workspace/list/target/classes started by fasoftwares in /home/fasoftwares/eclipse-workspace/list)
2023-05-29 11:48:25.768 [restartedMain] INFO 
					com.example.list.ListApplication.logStartupProfileInfo(632) - No active profile set, falling back to 1 default profile: "default"
2023-05-29 11:48:25.814 [restartedMain] INFO 
					o.s.b.d.e.DevToolsPropertyDefaultsPostProcessor.logTo(250) - Devtools property defaults active! Set 'spring.devtools.add-properties' to 'false' to disable
2023-05-29 11:48:25.815 [restartedMain] INFO 
					o.s.b.d.e.DevToolsPropertyDefaultsPostProcessor.logTo(250) - For additional web related logging consider setting the 'logging.level.web' property to 'DEBUG'
2023-05-29 11:48:26.363 [restartedMain] INFO 
					o.s.d.r.c.RepositoryConfigurationDelegate.multipleStoresDetected(291) - Multiple Spring Data modules found, entering strict repository configuration mode
2023-05-29 11:48:26.365 [restartedMain] INFO 
					o.s.d.r.c.RepositoryConfigurationDelegate.registerRepositoriesIn(138) - Bootstrapping Spring Data JDBC repositories in DEFAULT mode.
2023-05-29 11:48:26.396 [restartedMain] INFO 
					o.s.d.r.c.RepositoryConfigurationExtensionSupport.isStrictRepositoryCandidate(320) - Spring Data JDBC - Could not safely identify store assignment for repository candidate interface com.example.list.repo.AddressRepo; If you want this repository to be a JDBC repository, consider annotating your entities with one of these annotations: org.springframework.data.relational.core.mapping.Table.
2023-05-29 11:48:26.397 [restartedMain] INFO 
					o.s.d.r.c.RepositoryConfigurationExtensionSupport.isStrictRepositoryCandidate(320) - Spring Data JDBC - Could not safely identify store assignment for repository candidate interface com.example.list.repo.ArrayRepo; If you want this repository to be a JDBC repository, consider annotating your entities with one of these annotations: org.springframework.data.relational.core.mapping.Table.
2023-05-29 11:48:26.398 [restartedMain] INFO 
					o.s.d.r.c.RepositoryConfigurationExtensionSupport.isStrictRepositoryCandidate(320) - Spring Data JDBC - Could not safely identify store assignment for repository candidate interface com.example.list.repo.LinkedRepo; If you want this repository to be a JDBC repository, consider annotating your entities with one of these annotations: org.springframework.data.relational.core.mapping.Table.
2023-05-29 11:48:26.399 [restartedMain] INFO 
					o.s.d.r.c.RepositoryConfigurationExtensionSupport.isStrictRepositoryCandidate(320) - Spring Data JDBC - Could not safely identify store assignment for repository candidate interface com.example.list.repo.MappingRepo; If you want this repository to be a JDBC repository, consider annotating your entities with one of these annotations: org.springframework.data.relational.core.mapping.Table.
2023-05-29 11:48:26.399 [restartedMain] INFO 
					o.s.d.r.c.RepositoryConfigurationDelegate.registerRepositoriesIn(208) - Finished Spring Data repository scanning in 29 ms. Found 0 JDBC repository interfaces.
2023-05-29 11:48:26.407 [restartedMain] INFO 
					o.s.d.r.c.RepositoryConfigurationDelegate.multipleStoresDetected(291) - Multiple Spring Data modules found, entering strict repository configuration mode
2023-05-29 11:48:26.408 [restartedMain] INFO 
					o.s.d.r.c.RepositoryConfigurationDelegate.registerRepositoriesIn(138) - Bootstrapping Spring Data JPA repositories in DEFAULT mode.
2023-05-29 11:48:26.440 [restartedMain] INFO 
					o.s.d.r.c.RepositoryConfigurationDelegate.registerRepositoriesIn(208) - Finished Spring Data repository scanning in 28 ms. Found 4 JPA repository interfaces.
2023-05-29 11:48:26.979 [restartedMain] INFO 
					o.s.b.w.e.tomcat.TomcatWebServer.initialize(108) - Tomcat initialized with port(s): 8080 (http)
2023-05-29 11:48:26.987 [restartedMain] INFO 
					o.a.coyote.http11.Http11NioProtocol.log(173) - Initializing ProtocolHandler ["http-nio-8080"]
2023-05-29 11:48:26.988 [restartedMain] INFO 
					o.a.catalina.core.StandardService.log(173) - Starting service [Tomcat]
2023-05-29 11:48:26.988 [restartedMain] INFO 
					o.a.catalina.core.StandardEngine.log(173) - Starting Servlet engine: [Apache Tomcat/10.1.8]
2023-05-29 11:48:27.045 [restartedMain] INFO 
					o.a.c.c.C.[Tomcat].[localhost].[/].log(173) - Initializing Spring embedded WebApplicationContext
2023-05-29 11:48:27.045 [restartedMain] INFO 
					o.s.b.w.s.c.ServletWebServerApplicationContext.prepareWebApplicationContext(291) - Root WebApplicationContext: initialization completed in 1229 ms
2023-05-29 11:48:27.200 [restartedMain] INFO 
					o.h.jpa.internal.util.LogHelper.logPersistenceUnitInformation(31) - HHH000204: Processing PersistenceUnitInfo [name: default]
2023-05-29 11:48:27.260 [restartedMain] INFO 
					org.hibernate.Version.logVersion(44) - HHH000412: Hibernate ORM core version 6.1.7.Final
2023-05-29 11:48:27.546 [restartedMain] INFO 
					com.zaxxer.hikari.HikariDataSource.getConnection(110) - HikariPool-1 - Starting...
2023-05-29 11:48:27.849 [restartedMain] INFO 
					com.zaxxer.hikari.pool.HikariPool.checkFailFast(565) - HikariPool-1 - Added connection org.postgresql.jdbc.PgConnection@5d4271c2
2023-05-29 11:48:27.850 [restartedMain] INFO 
					com.zaxxer.hikari.HikariDataSource.getConnection(123) - HikariPool-1 - Start completed.
2023-05-29 11:48:27.876 [restartedMain] INFO 
					SQL dialect.logSelectedDialect(66) - HHH000400: Using dialect: org.hibernate.dialect.PostgreSQLDialect
2023-05-29 11:48:28.663 [restartedMain] INFO 
					o.h.e.t.j.p.i.JtaPlatformInitiator.initiateService(51) - HHH000490: Using JtaPlatform implementation: [org.hibernate.engine.transaction.jta.platform.internal.NoJtaPlatform]
2023-05-29 11:48:28.671 [restartedMain] INFO 
					o.s.o.j.LocalContainerEntityManagerFactoryBean.buildNativeEntityManagerFactory(437) - Initialized JPA EntityManagerFactory for persistence unit 'default'
2023-05-29 11:48:29.412 [restartedMain] INFO 
					o.s.b.d.a.OptionalLiveReloadServer.startServer(59) - LiveReload server is running on port 35729
2023-05-29 11:48:29.431 [restartedMain] INFO 
					o.a.coyote.http11.Http11NioProtocol.log(173) - Starting ProtocolHandler ["http-nio-8080"]
2023-05-29 11:48:29.444 [restartedMain] INFO 
					o.s.b.w.e.tomcat.TomcatWebServer.start(220) - Tomcat started on port(s): 8080 (http) with context path ''
2023-05-29 11:48:29.454 [restartedMain] INFO 
					com.example.list.ListApplication.logStarted(57) - Started ListApplication in 4.075 seconds (process running for 5.456)
2023-05-29 11:48:46.473 [http-nio-8080-exec-2] INFO 
					o.a.c.c.C.[Tomcat].[localhost].[/].log(173) - Initializing Spring DispatcherServlet 'dispatcherServlet'
2023-05-29 11:48:46.474 [http-nio-8080-exec-2] INFO 
					o.s.web.servlet.DispatcherServlet.initServletBean(532) - Initializing Servlet 'dispatcherServlet'
2023-05-29 11:48:46.475 [http-nio-8080-exec-2] INFO 
					o.s.web.servlet.DispatcherServlet.initServletBean(554) - Completed initialization in 1 ms
2023-05-29 11:48:46.616 [http-nio-8080-exec-2] INFO 
					c.e.list.serviceimpl.ListServiceImpl.gettwo(210) - tamilnadu
2023-05-29 11:49:04.120 [http-nio-8080-exec-3] INFO 
					c.e.list.serviceimpl.ListServiceImpl.gettwo(210) - kerala
2023-05-29 11:54:35.687 [File Watcher] INFO 
					o.s.b.d.a.LocalDevToolsAutoConfiguration$RestartingClassPathChangeChangedEventListener.onApplicationEvent(211) - Restarting due to 1 class path change (0 additions, 0 deletions, 1 modification)
2023-05-29 11:54:35.695 [Thread-5] INFO 
					o.a.coyote.http11.Http11NioProtocol.log(173) - Pausing ProtocolHandler ["http-nio-8080"]
2023-05-29 11:54:35.696 [Thread-5] INFO 
					o.a.catalina.core.StandardService.log(173) - Stopping service [Tomcat]
2023-05-29 11:54:35.697 [Thread-5] INFO 
					o.a.c.c.C.[Tomcat].[localhost].[/].log(173) - Destroying Spring FrameworkServlet 'dispatcherServlet'
2023-05-29 11:54:35.700 [Thread-5] INFO 
					o.a.coyote.http11.Http11NioProtocol.log(173) - Stopping ProtocolHandler ["http-nio-8080"]
2023-05-29 11:54:35.702 [Thread-5] INFO 
					o.a.coyote.http11.Http11NioProtocol.log(173) - Destroying ProtocolHandler ["http-nio-8080"]
2023-05-29 11:54:35.704 [Thread-5] INFO 
					o.s.o.j.LocalContainerEntityManagerFactoryBean.destroy(650) - Closing JPA EntityManagerFactory for persistence unit 'default'
2023-05-29 11:54:35.707 [Thread-5] INFO 
					com.zaxxer.hikari.HikariDataSource.close(350) - HikariPool-1 - Shutdown initiated...
2023-05-29 11:54:35.718 [Thread-5] INFO 
					com.zaxxer.hikari.HikariDataSource.close(352) - HikariPool-1 - Shutdown completed.
2023-05-29 11:54:35.803 [restartedMain] INFO 
					com.example.list.ListApplication.logStarting(51) - Starting ListApplication using Java 17.0.5 with PID 27950 (/home/fasoftwares/eclipse-workspace/list/target/classes started by fasoftwares in /home/fasoftwares/eclipse-workspace/list)
2023-05-29 11:54:35.803 [restartedMain] INFO 
					com.example.list.ListApplication.logStartupProfileInfo(632) - No active profile set, falling back to 1 default profile: "default"
2023-05-29 11:54:35.941 [restartedMain] INFO 
					o.s.d.r.c.RepositoryConfigurationDelegate.multipleStoresDetected(291) - Multiple Spring Data modules found, entering strict repository configuration mode
2023-05-29 11:54:35.942 [restartedMain] INFO 
					o.s.d.r.c.RepositoryConfigurationDelegate.registerRepositoriesIn(138) - Bootstrapping Spring Data JDBC repositories in DEFAULT mode.
2023-05-29 11:54:35.945 [restartedMain] INFO 
					o.s.d.r.c.RepositoryConfigurationExtensionSupport.isStrictRepositoryCandidate(320) - Spring Data JDBC - Could not safely identify store assignment for repository candidate interface com.example.list.repo.AddressRepo; If you want this repository to be a JDBC repository, consider annotating your entities with one of these annotations: org.springframework.data.relational.core.mapping.Table.
2023-05-29 11:54:35.946 [restartedMain] INFO 
					o.s.d.r.c.RepositoryConfigurationExtensionSupport.isStrictRepositoryCandidate(320) - Spring Data JDBC - Could not safely identify store assignment for repository candidate interface com.example.list.repo.ArrayRepo; If you want this repository to be a JDBC repository, consider annotating your entities with one of these annotations: org.springframework.data.relational.core.mapping.Table.
2023-05-29 11:54:35.947 [restartedMain] INFO 
					o.s.d.r.c.RepositoryConfigurationExtensionSupport.isStrictRepositoryCandidate(320) - Spring Data JDBC - Could not safely identify store assignment for repository candidate interface com.example.list.repo.LinkedRepo; If you want this repository to be a JDBC repository, consider annotating your entities with one of these annotations: org.springframework.data.relational.core.mapping.Table.
2023-05-29 11:54:35.948 [restartedMain] INFO 
					o.s.d.r.c.RepositoryConfigurationExtensionSupport.isStrictRepositoryCandidate(320) - Spring Data JDBC - Could not safely identify store assignment for repository candidate interface com.example.list.repo.MappingRepo; If you want this repository to be a JDBC repository, consider annotating your entities with one of these annotations: org.springframework.data.relational.core.mapping.Table.
2023-05-29 11:54:35.948 [restartedMain] INFO 
					o.s.d.r.c.RepositoryConfigurationDelegate.registerRepositoriesIn(208) - Finished Spring Data repository scanning in 6 ms. Found 0 JDBC repository interfaces.
2023-05-29 11:54:35.952 [restartedMain] INFO 
					o.s.d.r.c.RepositoryConfigurationDelegate.multipleStoresDetected(291) - Multiple Spring Data modules found, entering strict repository configuration mode
2023-05-29 11:54:35.952 [restartedMain] INFO 
					o.s.d.r.c.RepositoryConfigurationDelegate.registerRepositoriesIn(138) - Bootstrapping Spring Data JPA repositories in DEFAULT mode.
2023-05-29 11:54:35.961 [restartedMain] INFO 
					o.s.d.r.c.RepositoryConfigurationDelegate.registerRepositoriesIn(208) - Finished Spring Data repository scanning in 8 ms. Found 4 JPA repository interfaces.
2023-05-29 11:54:36.048 [restartedMain] INFO 
					o.s.b.w.e.tomcat.TomcatWebServer.initialize(108) - Tomcat initialized with port(s): 8080 (http)
2023-05-29 11:54:36.049 [restartedMain] INFO 
					o.a.coyote.http11.Http11NioProtocol.log(173) - Initializing ProtocolHandler ["http-nio-8080"]
2023-05-29 11:54:36.049 [restartedMain] INFO 
					o.a.catalina.core.StandardService.log(173) - Starting service [Tomcat]
2023-05-29 11:54:36.049 [restartedMain] INFO 
					o.a.catalina.core.StandardEngine.log(173) - Starting Servlet engine: [Apache Tomcat/10.1.8]
2023-05-29 11:54:36.056 [restartedMain] INFO 
					o.a.c.c.C.[Tomcat].[localhost].[/].log(173) - Initializing Spring embedded WebApplicationContext
2023-05-29 11:54:36.057 [restartedMain] INFO 
					o.s.b.w.s.c.ServletWebServerApplicationContext.prepareWebApplicationContext(291) - Root WebApplicationContext: initialization completed in 251 ms
2023-05-29 11:54:36.095 [restartedMain] INFO 
					o.h.jpa.internal.util.LogHelper.logPersistenceUnitInformation(31) - HHH000204: Processing PersistenceUnitInfo [name: default]
2023-05-29 11:54:36.100 [restartedMain] INFO 
					com.zaxxer.hikari.HikariDataSource.getConnection(110) - HikariPool-2 - Starting...
2023-05-29 11:54:36.133 [restartedMain] INFO 
					com.zaxxer.hikari.pool.HikariPool.checkFailFast(565) - HikariPool-2 - Added connection org.postgresql.jdbc.PgConnection@1c647b25
2023-05-29 11:54:36.134 [restartedMain] INFO 
					com.zaxxer.hikari.HikariDataSource.getConnection(123) - HikariPool-2 - Start completed.
2023-05-29 11:54:36.137 [restartedMain] INFO 
					SQL dialect.logSelectedDialect(66) - HHH000400: Using dialect: org.hibernate.dialect.PostgreSQLDialect
2023-05-29 11:54:36.241 [restartedMain] INFO 
					o.h.e.t.j.p.i.JtaPlatformInitiator.initiateService(51) - HHH000490: Using JtaPlatform implementation: [org.hibernate.engine.transaction.jta.platform.internal.NoJtaPlatform]
2023-05-29 11:54:36.241 [restartedMain] INFO 
					o.s.o.j.LocalContainerEntityManagerFactoryBean.buildNativeEntityManagerFactory(437) - Initialized JPA EntityManagerFactory for persistence unit 'default'
2023-05-29 11:54:36.524 [restartedMain] INFO 
					o.s.b.d.a.OptionalLiveReloadServer.startServer(59) - LiveReload server is running on port 35729
2023-05-29 11:54:36.535 [restartedMain] INFO 
					o.a.coyote.http11.Http11NioProtocol.log(173) - Starting ProtocolHandler ["http-nio-8080"]
2023-05-29 11:54:36.539 [restartedMain] INFO 
					o.s.b.w.e.tomcat.TomcatWebServer.start(220) - Tomcat started on port(s): 8080 (http) with context path ''
2023-05-29 11:54:36.545 [restartedMain] INFO 
					com.example.list.ListApplication.logStarted(57) - Started ListApplication in 0.775 seconds (process running for 372.547)
2023-05-29 11:54:36.547 [restartedMain] INFO 
					o.s.b.d.a.ConditionEvaluationDeltaLoggingListener.onApplicationEvent(63) - Condition evaluation unchanged
2023-05-29 11:54:40.738 [http-nio-8080-exec-2] INFO 
					o.a.c.c.C.[Tomcat].[localhost].[/].log(173) - Initializing Spring DispatcherServlet 'dispatcherServlet'
2023-05-29 11:54:40.739 [http-nio-8080-exec-2] INFO 
					o.s.web.servlet.DispatcherServlet.initServletBean(532) - Initializing Servlet 'dispatcherServlet'
2023-05-29 11:54:40.739 [http-nio-8080-exec-2] INFO 
					o.s.web.servlet.DispatcherServlet.initServletBean(554) - Completed initialization in 0 ms
2023-05-29 11:54:40.747 [http-nio-8080-exec-2] INFO 
					c.e.list.serviceimpl.ListServiceImpl.gettwo(210) - jayasuriya
2023-05-29 11:55:53.096 [File Watcher] INFO 
					o.s.b.d.a.LocalDevToolsAutoConfiguration$RestartingClassPathChangeChangedEventListener.onApplicationEvent(211) - Restarting due to 1 class path change (0 additions, 0 deletions, 1 modification)
2023-05-29 11:55:53.099 [Thread-7] INFO 
					o.a.coyote.http11.Http11NioProtocol.log(173) - Pausing ProtocolHandler ["http-nio-8080"]
2023-05-29 11:55:53.099 [Thread-7] INFO 
					o.a.catalina.core.StandardService.log(173) - Stopping service [Tomcat]
2023-05-29 11:55:53.100 [Thread-7] INFO 
					o.a.c.c.C.[Tomcat].[localhost].[/].log(173) - Destroying Spring FrameworkServlet 'dispatcherServlet'
2023-05-29 11:55:53.103 [Thread-7] INFO 
					o.a.coyote.http11.Http11NioProtocol.log(173) - Stopping ProtocolHandler ["http-nio-8080"]
2023-05-29 11:55:53.105 [Thread-7] INFO 
					o.a.coyote.http11.Http11NioProtocol.log(173) - Destroying ProtocolHandler ["http-nio-8080"]
2023-05-29 11:55:53.109 [Thread-7] INFO 
					o.s.o.j.LocalContainerEntityManagerFactoryBean.destroy(650) - Closing JPA EntityManagerFactory for persistence unit 'default'
2023-05-29 11:55:53.110 [Thread-7] INFO 
					com.zaxxer.hikari.HikariDataSource.close(350) - HikariPool-2 - Shutdown initiated...
2023-05-29 11:55:53.119 [Thread-7] INFO 
					com.zaxxer.hikari.HikariDataSource.close(352) - HikariPool-2 - Shutdown completed.
2023-05-29 11:55:53.198 [restartedMain] INFO 
					com.example.list.ListApplication.logStarting(51) - Starting ListApplication using Java 17.0.5 with PID 27950 (/home/fasoftwares/eclipse-workspace/list/target/classes started by fasoftwares in /home/fasoftwares/eclipse-workspace/list)
2023-05-29 11:55:53.198 [restartedMain] INFO 
					com.example.list.ListApplication.logStartupProfileInfo(632) - No active profile set, falling back to 1 default profile: "default"
2023-05-29 11:55:53.311 [restartedMain] INFO 
					o.s.d.r.c.RepositoryConfigurationDelegate.multipleStoresDetected(291) - Multiple Spring Data modules found, entering strict repository configuration mode
2023-05-29 11:55:53.311 [restartedMain] INFO 
					o.s.d.r.c.RepositoryConfigurationDelegate.registerRepositoriesIn(138) - Bootstrapping Spring Data JDBC repositories in DEFAULT mode.
2023-05-29 11:55:53.314 [restartedMain] INFO 
					o.s.d.r.c.RepositoryConfigurationExtensionSupport.isStrictRepositoryCandidate(320) - Spring Data JDBC - Could not safely identify store assignment for repository candidate interface com.example.list.repo.AddressRepo; If you want this repository to be a JDBC repository, consider annotating your entities with one of these annotations: org.springframework.data.relational.core.mapping.Table.
2023-05-29 11:55:53.315 [restartedMain] INFO 
					o.s.d.r.c.RepositoryConfigurationExtensionSupport.isStrictRepositoryCandidate(320) - Spring Data JDBC - Could not safely identify store assignment for repository candidate interface com.example.list.repo.ArrayRepo; If you want this repository to be a JDBC repository, consider annotating your entities with one of these annotations: org.springframework.data.relational.core.mapping.Table.
2023-05-29 11:55:53.315 [restartedMain] INFO 
					o.s.d.r.c.RepositoryConfigurationExtensionSupport.isStrictRepositoryCandidate(320) - Spring Data JDBC - Could not safely identify store assignment for repository candidate interface com.example.list.repo.LinkedRepo; If you want this repository to be a JDBC repository, consider annotating your entities with one of these annotations: org.springframework.data.relational.core.mapping.Table.
2023-05-29 11:55:53.316 [restartedMain] INFO 
					o.s.d.r.c.RepositoryConfigurationExtensionSupport.isStrictRepositoryCandidate(320) - Spring Data JDBC - Could not safely identify store assignment for repository candidate interface com.example.list.repo.MappingRepo; If you want this repository to be a JDBC repository, consider annotating your entities with one of these annotations: org.springframework.data.relational.core.mapping.Table.
2023-05-29 11:55:53.316 [restartedMain] INFO 
					o.s.d.r.c.RepositoryConfigurationDelegate.registerRepositoriesIn(208) - Finished Spring Data repository scanning in 4 ms. Found 0 JDBC repository interfaces.
2023-05-29 11:55:53.319 [restartedMain] INFO 
					o.s.d.r.c.RepositoryConfigurationDelegate.multipleStoresDetected(291) - Multiple Spring Data modules found, entering strict repository configuration mode
2023-05-29 11:55:53.319 [restartedMain] INFO 
					o.s.d.r.c.RepositoryConfigurationDelegate.registerRepositoriesIn(138) - Bootstrapping Spring Data JPA repositories in DEFAULT mode.
2023-05-29 11:55:53.326 [restartedMain] INFO 
					o.s.d.r.c.RepositoryConfigurationDelegate.registerRepositoriesIn(208) - Finished Spring Data repository scanning in 6 ms. Found 4 JPA repository interfaces.
2023-05-29 11:55:53.410 [restartedMain] INFO 
					o.s.b.w.e.tomcat.TomcatWebServer.initialize(108) - Tomcat initialized with port(s): 8080 (http)
2023-05-29 11:55:53.410 [restartedMain] INFO 
					o.a.coyote.http11.Http11NioProtocol.log(173) - Initializing ProtocolHandler ["http-nio-8080"]
2023-05-29 11:55:53.411 [restartedMain] INFO 
					o.a.catalina.core.StandardService.log(173) - Starting service [Tomcat]
2023-05-29 11:55:53.411 [restartedMain] INFO 
					o.a.catalina.core.StandardEngine.log(173) - Starting Servlet engine: [Apache Tomcat/10.1.8]
2023-05-29 11:55:53.417 [restartedMain] INFO 
					o.a.c.c.C.[Tomcat].[localhost].[/].log(173) - Initializing Spring embedded WebApplicationContext
2023-05-29 11:55:53.418 [restartedMain] INFO 
					o.s.b.w.s.c.ServletWebServerApplicationContext.prepareWebApplicationContext(291) - Root WebApplicationContext: initialization completed in 218 ms
2023-05-29 11:55:53.451 [restartedMain] INFO 
					o.h.jpa.internal.util.LogHelper.logPersistenceUnitInformation(31) - HHH000204: Processing PersistenceUnitInfo [name: default]
2023-05-29 11:55:53.456 [restartedMain] INFO 
					com.zaxxer.hikari.HikariDataSource.getConnection(110) - HikariPool-3 - Starting...
2023-05-29 11:55:53.487 [restartedMain] INFO 
					com.zaxxer.hikari.pool.HikariPool.checkFailFast(565) - HikariPool-3 - Added connection org.postgresql.jdbc.PgConnection@51ac6cf1
2023-05-29 11:55:53.487 [restartedMain] INFO 
					com.zaxxer.hikari.HikariDataSource.getConnection(123) - HikariPool-3 - Start completed.
2023-05-29 11:55:53.490 [restartedMain] INFO 
					SQL dialect.logSelectedDialect(66) - HHH000400: Using dialect: org.hibernate.dialect.PostgreSQLDialect
2023-05-29 11:55:53.555 [restartedMain] INFO 
					o.h.e.t.j.p.i.JtaPlatformInitiator.initiateService(51) - HHH000490: Using JtaPlatform implementation: [org.hibernate.engine.transaction.jta.platform.internal.NoJtaPlatform]
2023-05-29 11:55:53.555 [restartedMain] INFO 
					o.s.o.j.LocalContainerEntityManagerFactoryBean.buildNativeEntityManagerFactory(437) - Initialized JPA EntityManagerFactory for persistence unit 'default'
2023-05-29 11:55:53.777 [restartedMain] INFO 
					o.s.b.d.a.OptionalLiveReloadServer.startServer(59) - LiveReload server is running on port 35729
2023-05-29 11:55:53.786 [restartedMain] INFO 
					o.a.coyote.http11.Http11NioProtocol.log(173) - Starting ProtocolHandler ["http-nio-8080"]
2023-05-29 11:55:53.788 [restartedMain] INFO 
					o.s.b.w.e.tomcat.TomcatWebServer.start(220) - Tomcat started on port(s): 8080 (http) with context path ''
2023-05-29 11:55:53.792 [restartedMain] INFO 
					com.example.list.ListApplication.logStarted(57) - Started ListApplication in 0.625 seconds (process running for 449.793)
2023-05-29 11:55:53.793 [restartedMain] INFO 
					o.s.b.d.a.ConditionEvaluationDeltaLoggingListener.onApplicationEvent(63) - Condition evaluation unchanged
2023-05-29 12:50:41.359 [RMI TCP Connection(21)-127.0.0.1] INFO 
					o.s.b.a.SpringApplicationAdminMXBeanRegistrar$SpringApplicationAdmin.shutdown(159) - Application shutdown requested.
2023-05-29 12:50:41.363 [RMI TCP Connection(21)-127.0.0.1] INFO 
					o.a.coyote.http11.Http11NioProtocol.log(173) - Pausing ProtocolHandler ["http-nio-8080"]
2023-05-29 12:50:41.363 [RMI TCP Connection(21)-127.0.0.1] INFO 
					o.a.catalina.core.StandardService.log(173) - Stopping service [Tomcat]
2023-05-29 12:50:41.367 [RMI TCP Connection(21)-127.0.0.1] INFO 
					o.a.coyote.http11.Http11NioProtocol.log(173) - Stopping ProtocolHandler ["http-nio-8080"]
2023-05-29 12:50:41.370 [RMI TCP Connection(21)-127.0.0.1] INFO 
					o.a.coyote.http11.Http11NioProtocol.log(173) - Destroying ProtocolHandler ["http-nio-8080"]
2023-05-29 12:50:41.374 [RMI TCP Connection(21)-127.0.0.1] INFO 
					o.s.o.j.LocalContainerEntityManagerFactoryBean.destroy(650) - Closing JPA EntityManagerFactory for persistence unit 'default'
2023-05-29 12:50:41.376 [RMI TCP Connection(21)-127.0.0.1] INFO 
					com.zaxxer.hikari.HikariDataSource.close(350) - HikariPool-3 - Shutdown initiated...
2023-05-29 12:50:41.387 [RMI TCP Connection(21)-127.0.0.1] INFO 
					com.zaxxer.hikari.HikariDataSource.close(352) - HikariPool-3 - Shutdown completed.
